//本文件是一个日志

[1122/120639.198:ERROR:directory_reader_win.cc(43)] FindFirstFile: 系统找不到指定的路径。 (0x3)
[1124/104017.949:ERROR:directory_reader_win.cc(43)] FindFirstFile: 系统找不到指定的路径。 (0x3)


[1229/100300.850:ERROR:directory_reader_win.cc(43)] FindFirstFile: 系统找不到指定的路径。 (0x3)
[1229/204100.810:ERROR:directory_reader_win.cc(43)] FindFirstFile: 系统找不到指定的路径。 (0x3)
[1230/100753.844:ERROR:directory_reader_win.cc(43)] FindFirstFile: 系统找不到指定的路径。 (0x3)
[1231/100536.006:ERROR:directory_reader_win.cc(43)] FindFirstFile: 系统找不到指定的路径。 (0x3)
[0104/100409.610:ERROR:filesystem_win.cc(129)] GetFileAttributes C:\Users\Administrator\AppData\Local\Google\Chrome\User Data\Crashpad\attachments\56951e4e-9d30-4b89-908a-ae218f4664d2: 系统找不到指定的路径。 (0x3)
[0104/100409.623:ERROR:directory_reader_win.cc(43)] FindFirstFile: 系统找不到指定的路径。 (0x3)
[0105/100650.987:ERROR:directory_reader_win.cc(43)] FindFirstFile: 系统找不到指定的路径。 (0x3)
[0105/202619.322:ERROR:directory_reader_win.cc(43)] FindFirstFile: 系统找不到指定的路径。 (0x3)
[0106/100335.254:ERROR:directory_reader_win.cc(43)] FindFirstFile: 系统找不到指定的路径。 (0x3)
[0106/115317.627:ERROR:directory_reader_win.cc(43)] FindFirstFile: 系统找不到指定的路径。 (0x3)
[0107/100927.558:ERROR:directory_reader_win.cc(43)] FindFirstFile: 系统找不到指定的路径。 (0x3)
[0108/101109.679:ERROR:directory_reader_win.cc(43)] FindFirstFile: 系统找不到指定的路径。 (0x3)
[0108/201337.010:ERROR:directory_reader_win.cc(43)] FindFirstFile: 系统找不到指定的路径。 (0x3)
[0111/100147.923:ERROR:directory_reader_win.cc(43)] FindFirstFile: 系统找不到指定的路径。 (0x3)
[0111/203018.666:ERROR:directory_reader_win.cc(43)] FindFirstFile: 系统找不到指定的路径。 (0x3)
[0112/101721.639:ERROR:directory_reader_win.cc(43)] FindFirstFile: 系统找不到指定的路径。 (0x3)
[0112/210417.077:ERROR:directory_reader_win.cc(43)] FindFirstFile: 系统找不到指定的路径。 (0x3)
[0113/102535.428:ERROR:directory_reader_win.cc(43)] FindFirstFile: 系统找不到指定的路径。 (0x3)
[0113/203400.448:ERROR:directory_reader_win.cc(43)] FindFirstFile: 系统找不到指定的路径。 (0x3)
[0114/101952.489:ERROR:directory_reader_win.cc(43)] FindFirstFile: 系统找不到指定的路径。 (0x3)
[0114/174005.754:ERROR:directory_reader_win.cc(43)] FindFirstFile: 系统找不到指定的路径。 (0x3)
[0114/202420.126:ERROR:directory_reader_win.cc(43)] FindFirstFile: 系统找不到指定的路径。 (0x3)
[0115/102424.219:ERROR:directory_reader_win.cc(43)] FindFirstFile: 系统找不到指定的路径。 (0x3)
[0118/141825.695:ERROR:process_info.cc(359)] UncheckedAllocate
[0118/141838.722:ERROR:process_info.cc(359)] UncheckedAllocate
[0118/141853.057:ERROR:process_info.cc(359)] UncheckedAllocate
[0118/142312.133:ERROR:process_info.cc(359)] UncheckedAllocate
[0118/144655.259:ERROR:directory_reader_win.cc(43)] FindFirstFile: 系统找不到指定的路径。 (0x3)
[0118/174753.476:ERROR:directory_reader_win.cc(43)] FindFirstFile: 系统找不到指定的路径。 (0x3)
[0119/102650.598:ERROR:directory_reader_win.cc(43)] FindFirstFile: 系统找不到指定的路径。 (0x3)
[0119/154057.595:ERROR:directory_reader_win.cc(43)] FindFirstFile: 系统找不到指定的路径。 (0x3)
[0119/173304.643:ERROR:process_info.cc(359)] UncheckedAllocate
[0119/173304.671:ERROR:filesystem_win.cc(129)] GetFileAttributes C:\Users\Administrator\AppData\Local\Google\Chrome\User Data\Crashpad\attachments\f1a9bcd1-d46b-4648-af87-817b70e955ff: 系统找不到指定的路径。 (0x3)
[0119/173315.733:ERROR:http_transport_win.cc(276)] WinHttpSendRequest: 操作成功完成。 (0x0)
[0119/173605.667:ERROR:process_info.cc(359)] UncheckedAllocate
[0119/173605.670:ERROR:process_info.cc(359)] UncheckedAllocate
[0119/173605.675:ERROR:process_info.cc(359)] UncheckedAllocate
[0119/181521.818:ERROR:directory_reader_win.cc(43)] FindFirstFile: 系统找不到指定的路径。 (0x3)
[0120/160121.467:ERROR:filesystem_win.cc(129)] GetFileAttributes C:\Users\Administrator\AppData\Local\Google\Chrome\User Data\Crashpad\attachments\a678c885-026e-45f7-a3e9-8c7017a894f2: 系统找不到指定的路径。 (0x3)
[0120/160132.604:ERROR:http_transport_win.cc(276)] WinHttpSendRequest: 操作成功完成。 (0x0)
[0120/161121.468:ERROR:directory_reader_win.cc(43)] FindFirstFile: 系统找不到指定的路径。 (0x3)
[0121/214729.459:ERROR:directory_reader_win.cc(43)] FindFirstFile: 系统找不到指定的路径。 (0x3)
[0122/163622.644:ERROR:directory_reader_win.cc(43)] FindFirstFile: 系统找不到指定的路径。 (0x3)

